{"level":"error","message":"GET/asdf 라우터가 없습니다"}
{"level":"error","message":"GET/favicon.ico 라우터가 없습니다"}
{"level":"error","message":"GET/favicon.ico 라우터가 없습니다"}
{"level":"error","message":"GET/favicon.ico 라우터가 없습니다"}
{"level":"error","message":"GET/favicon.ico 라우터가 없습니다"}
{"level":"error","message":"GET/favicon.ico 라우터가 없습니다"}
{"level":"error","message":"GET/favicon.ico 라우터가 없습니다"}
{"level":"error","message":"GET/favicon.ico 라우터가 없습니다"}
{"level":"error","message":"GET/favicon.ico 라우터가 없습니다"}
{"level":"error","message":"GET/favicon.ico 라우터가 없습니다"}
{"level":"error","message":"GET/favicon.ico 라우터가 없습니다"}
{"level":"error","message":"GET/favicon.ico 라우터가 없습니다"}
{"level":"error","message":"GET/favicon.ico 라우터가 없습니다"}
{"level":"error","message":"GET/favicon.ico 라우터가 없습니다"}
{"level":"error","message":"GET/favicon.ico 라우터가 없습니다"}
{"level":"error","message":"GET/favicon.ico 라우터가 없습니다"}
{"level":"error","message":"GET/favicon.ico 라우터가 없습니다"}
{"level":"error","message":"GET/favicon.ico 라우터가 없습니다"}
{"level":"error","message":"GET/favicon.ico 라우터가 없습니다"}
{"level":"error","message":"GET/favicon.ico 라우터가 없습니다"}
{"level":"error","message":"GET/favicon.ico 라우터가 없습니다"}
{"level":"error","message":"GET/favicon.ico 라우터가 없습니다"}
{"level":"error","message":"GET/favicon.ico 라우터가 없습니다"}
{"level":"error","message":"GET/favicon.ico 라우터가 없습니다"}
{"level":"error","message":"GET/favicon.ico 라우터가 없습니다"}
{"level":"error","message":"GET/favicon.ico 라우터가 없습니다"}
{"level":"error","message":"GET/favicon.ico 라우터가 없습니다"}
{"level":"error","message":"GET/favicon.ico 라우터가 없습니다"}
{"level":"error","message":"GET/favicon.ico 라우터가 없습니다"}
{"level":"error","message":"GET/favicon.ico 라우터가 없습니다"}
{"level":"error","message":"GET/favicon.ico 라우터가 없습니다"}
{"level":"error","message":"GET/favicon.ico 라우터가 없습니다"}
{"level":"error","message":"GET/favicon.ico 라우터가 없습니다"}
{"level":"error","message":"GET/favicon.ico 라우터가 없습니다"}
{"level":"error","message":"GET/favicon.ico 라우터가 없습니다"}
{"level":"error","message":"GET/favicon.ico 라우터가 없습니다"}
{"level":"error","message":"GET/favicon.ico 라우터가 없습니다"}
{"level":"error","message":"GET/favicon.ico 라우터가 없습니다"}
{"level":"error","message":"GET/favicon.ico 라우터가 없습니다"}
{"level":"error","message":"GET/favicon.ico 라우터가 없습니다"}
{"level":"error","message":"GET/favicon.ico 라우터가 없습니다"}
{"level":"error","message":"GET/favicon.ico 라우터가 없습니다"}
{"level":"error","message":"GET/favicon.ico 라우터가 없습니다"}
{"level":"error","message":"GET/favicon.ico 라우터가 없습니다"}
{"level":"error","message":"GET/favicon.ico 라우터가 없습니다"}
{"level":"error","message":"GET/favicon.ico 라우터가 없습니다"}
{"level":"error","message":"GET/favicon.ico 라우터가 없습니다"}
{"level":"error","message":"GET/favicon.ico 라우터가 없습니다"}
{"level":"error","message":"GET/favicon.ico 라우터가 없습니다"}
{"level":"error","message":"GET/favicon.ico 라우터가 없습니다"}
{"level":"error","message":"GET/favicon.ico 라우터가 없습니다"}
{"level":"error","message":"GET/favicon.ico 라우터가 없습니다"}
{"level":"error","message":"GET/favicon.ico 라우터가 없습니다"}
{"level":"error","message":"GET/favicon.ico 라우터가 없습니다"}
{"level":"error","message":"GET/favicon.ico 라우터가 없습니다"}
{"level":"error","message":"GET/favicon.ico 라우터가 없습니다"}
{"level":"error","message":"GET/favicon.ico 라우터가 없습니다"}
{"level":"error","message":"POST/post/newPost 라우터가 없습니다"}
{"level":"error","message":"GET/favicon.ico 라우터가 없습니다"}
{"level":"error","message":"GET/favicon.ico 라우터가 없습니다"}
{"level":"error","message":"GET/favicon.ico 라우터가 없습니다"}
{"level":"error","message":"GET/favicon.ico 라우터가 없습니다"}
{"level":"error","message":"GET/favicon.ico 라우터가 없습니다"}
{"level":"error","message":"GET/favicon.ico 라우터가 없습니다"}
{"level":"error","message":"GET/favicon.ico 라우터가 없습니다"}
{"level":"error","message":"GET/favicon.ico 라우터가 없습니다"}
{"level":"error","message":"GET/favicon.ico 라우터가 없습니다"}
{"level":"error","message":"GET/favicon.ico 라우터가 없습니다"}
{"level":"error","message":"GET/favicon.ico 라우터가 없습니다"}
{"level":"error","message":"GET/favicon.ico 라우터가 없습니다"}
{"level":"error","message":"GET/favicon.ico 라우터가 없습니다"}
{"level":"error","message":"GET/favicon.ico 라우터가 없습니다"}
{"level":"error","message":"GET/favicon.ico 라우터가 없습니다"}
{"level":"error","message":"GET/favicon.ico 라우터가 없습니다"}
{"level":"error","message":"GET/favicon.ico 라우터가 없습니다"}
{"level":"error","message":"GET/favicon.ico 라우터가 없습니다"}
{"level":"error","message":"GET/favicon.ico 라우터가 없습니다"}
{"level":"error","message":"GET/favicon.ico 라우터가 없습니다"}
{"level":"error","message":"GET/favicon.ico 라우터가 없습니다"}
{"level":"error","message":"GET/favicon.ico 라우터가 없습니다"}
{"level":"error","message":"GET/favicon.ico 라우터가 없습니다"}
{"level":"error","message":"GET/favicon.ico 라우터가 없습니다"}
{"level":"error","message":"GET/favicon.ico 라우터가 없습니다"}
{"level":"error","message":"GET/favicon.ico 라우터가 없습니다"}
{"level":"error","message":"GET/favicon.ico 라우터가 없습니다"}
{"level":"error","message":"GET/favicon.ico 라우터가 없습니다"}
{"level":"error","message":"GET/favicon.ico 라우터가 없습니다"}
{"level":"error","message":"GET/favicon.ico 라우터가 없습니다"}
{"level":"error","message":"GET/favicon.ico 라우터가 없습니다"}
{"level":"error","message":"POST/post 라우터가 없습니다"}
{"level":"error","message":"GET/favicon.ico 라우터가 없습니다"}
{"level":"error","message":"GET/favicon.ico 라우터가 없습니다"}
{"level":"error","message":"GET/favicon.ico 라우터가 없습니다"}
{"level":"error","message":"GET/favicon.ico 라우터가 없습니다"}
{"level":"error","message":"GET/favicon.ico 라우터가 없습니다"}
{"level":"error","message":"GET/favicon.ico 라우터가 없습니다"}
{"level":"error","message":"POST/post 라우터가 없습니다"}
{"level":"error","message":"GET/favicon.ico 라우터가 없습니다"}
{"level":"error","message":"GET/favicon.ico 라우터가 없습니다"}
{"level":"error","message":"GET/favicon.ico 라우터가 없습니다"}
{"level":"error","message":"GET/favicon.ico 라우터가 없습니다"}
{"level":"error","message":"POST/post 라우터가 없습니다"}
{"level":"error","message":"GET/favicon.ico 라우터가 없습니다"}
{"level":"error","message":"GET/favicon.ico 라우터가 없습니다"}
{"level":"error","message":"GET/favicon.ico 라우터가 없습니다"}
{"level":"error","message":"POST/post 라우터가 없습니다"}
{"level":"error","message":"GET/favicon.ico 라우터가 없습니다"}
{"level":"error","message":"GET/favicon.ico 라우터가 없습니다"}
{"level":"error","message":"GET/favicon.ico 라우터가 없습니다"}
{"level":"error","message":"GET/favicon.ico 라우터가 없습니다"}
{"level":"error","message":"POST/post 라우터가 없습니다"}
{"level":"error","message":"GET/favicon.ico 라우터가 없습니다"}
{"level":"error","message":"GET/favicon.ico 라우터가 없습니다"}
{"level":"error","message":"GET/favicon.ico 라우터가 없습니다"}
{"level":"error","message":"POST/post 라우터가 없습니다"}
{"level":"error","message":"GET/favicon.ico 라우터가 없습니다"}
{"level":"error","message":"GET/favicon.ico 라우터가 없습니다"}
{"level":"error","message":"GET/favicon.ico 라우터가 없습니다"}
{"level":"error","message":"POST/post 라우터가 없습니다"}
{"level":"error","message":"GET/favicon.ico 라우터가 없습니다"}
{"level":"error","message":"GET/favicon.ico 라우터가 없습니다"}
{"level":"error","message":"GET/favicon.ico 라우터가 없습니다"}
{"level":"error","message":"GET/favicon.ico 라우터가 없습니다"}
{"level":"error","message":"POST/post 라우터가 없습니다"}
{"level":"error","message":"GET/favicon.ico 라우터가 없습니다"}
{"level":"error","message":"GET/favicon.ico 라우터가 없습니다"}
{"level":"error","message":"GET/favicon.ico 라우터가 없습니다"}
{"level":"error","message":"GET/favicon.ico 라우터가 없습니다"}
{"level":"error","message":"POST/post 라우터가 없습니다"}
{"level":"error","message":"GET/favicon.ico 라우터가 없습니다"}
{"level":"error","message":"GET/favicon.ico 라우터가 없습니다"}
{"level":"error","message":"GET/favicon.ico 라우터가 없습니다"}
{"level":"error","message":"GET/favicon.ico 라우터가 없습니다"}
{"level":"error","message":"POST/post 라우터가 없습니다"}
{"level":"error","message":"GET/favicon.ico 라우터가 없습니다"}
{"level":"error","message":"GET/favicon.ico 라우터가 없습니다"}
{"level":"error","message":"GET/favicon.ico 라우터가 없습니다"}
{"level":"error","message":"GET/favicon.ico 라우터가 없습니다"}
{"level":"error","message":"POST/post 라우터가 없습니다"}
{"level":"error","message":"GET/favicon.ico 라우터가 없습니다"}
{"level":"error","message":"GET/favicon.ico 라우터가 없습니다"}
{"level":"error","message":"GET/favicon.ico 라우터가 없습니다"}
{"level":"error","message":"GET/favicon.ico 라우터가 없습니다"}
{"level":"error","message":"GET/favicon.ico 라우터가 없습니다"}
{"level":"error","message":"GET/favicon.ico 라우터가 없습니다"}
{"level":"error","message":"GET/favicon.ico 라우터가 없습니다"}
{"level":"error","message":"POST/post 라우터가 없습니다"}
{"level":"error","message":"GET/favicon.ico 라우터가 없습니다"}
{"level":"error","message":"GET/favicon.ico 라우터가 없습니다"}
{"level":"error","message":"GET/favicon.ico 라우터가 없습니다"}
{"level":"error","message":"GET/favicon.ico 라우터가 없습니다"}
{"level":"error","message":"POST/post 라우터가 없습니다"}
{"level":"error","message":"GET/favicon.ico 라우터가 없습니다"}
{"level":"error","message":"GET/favicon.ico 라우터가 없습니다"}
{"level":"error","message":"GET/favicon.ico 라우터가 없습니다"}
{"level":"error","message":"POST/post 라우터가 없습니다"}
{"level":"error","message":"GET/favicon.ico 라우터가 없습니다"}
{"level":"error","message":"GET/favicon.ico 라우터가 없습니다"}
{"level":"error","message":"GET/favicon.ico 라우터가 없습니다"}
{"level":"error","message":"GET/favicon.ico 라우터가 없습니다"}
{"level":"error","message":"POST/post 라우터가 없습니다"}
{"level":"error","message":"GET/favicon.ico 라우터가 없습니다"}
{"level":"error","message":"GET/favicon.ico 라우터가 없습니다"}
{"level":"error","message":"GET/favicon.ico 라우터가 없습니다"}
{"level":"error","message":"GET/favicon.ico 라우터가 없습니다"}
{"level":"error","message":"POST/post 라우터가 없습니다"}
{"level":"error","message":"GET/favicon.ico 라우터가 없습니다"}
{"level":"error","message":"GET/favicon.ico 라우터가 없습니다"}
{"level":"error","message":"GET/favicon.ico 라우터가 없습니다"}
{"level":"error","message":"GET/favicon.ico 라우터가 없습니다"}
{"level":"error","message":"POST/post 라우터가 없습니다"}
{"level":"error","message":"GET/favicon.ico 라우터가 없습니다"}
{"level":"error","message":"GET/favicon.ico 라우터가 없습니다"}
{"level":"error","message":"GET/favicon.ico 라우터가 없습니다"}
{"level":"error","message":"GET/favicon.ico 라우터가 없습니다"}
{"level":"error","message":"POST/post 라우터가 없습니다"}
{"level":"error","message":"GET/favicon.ico 라우터가 없습니다"}
{"level":"error","message":"GET/favicon.ico 라우터가 없습니다"}
{"level":"error","message":"GET/favicon.ico 라우터가 없습니다"}
{"level":"error","message":"GET/favicon.ico 라우터가 없습니다"}
{"level":"error","message":"POST/post 라우터가 없습니다"}
{"level":"error","message":"GET/favicon.ico 라우터가 없습니다"}
{"level":"error","message":"GET/favicon.ico 라우터가 없습니다"}
{"level":"error","message":"GET/favicon.ico 라우터가 없습니다"}
{"level":"error","message":"GET/favicon.ico 라우터가 없습니다"}
{"level":"error","message":"GET/favicon.ico 라우터가 없습니다"}
{"level":"error","message":"GET/favicon.ico 라우터가 없습니다"}
{"level":"error","message":"POST/post 라우터가 없습니다"}
{"level":"error","message":"GET/favicon.ico 라우터가 없습니다"}
{"level":"error","message":"GET/favicon.ico 라우터가 없습니다"}
{"level":"error","message":"GET/favicon.ico 라우터가 없습니다"}
{"level":"error","message":"GET/favicon.ico 라우터가 없습니다"}
{"level":"error","message":"POST/post 라우터가 없습니다"}
{"level":"error","message":"GET/favicon.ico 라우터가 없습니다"}
{"level":"error","message":"GET/favicon.ico 라우터가 없습니다"}
{"level":"error","message":"GET/favicon.ico 라우터가 없습니다"}
{"level":"error","message":"GET/favicon.ico 라우터가 없습니다"}
{"level":"error","message":"POST/post 라우터가 없습니다"}
{"level":"error","message":"GET/favicon.ico 라우터가 없습니다"}
{"level":"error","message":"GET/favicon.ico 라우터가 없습니다"}
{"level":"error","message":"GET/favicon.ico 라우터가 없습니다"}
{"level":"error","message":"GET/favicon.ico 라우터가 없습니다"}
{"level":"error","message":"GET/favicon.ico 라우터가 없습니다"}
{"level":"error","message":"GET/favicon.ico 라우터가 없습니다"}
{"level":"error","message":"GET/favicon.ico 라우터가 없습니다"}
{"level":"error","message":"GET/favicon.ico 라우터가 없습니다"}
{"level":"error","message":"GET/favicon.ico 라우터가 없습니다"}
{"level":"error","message":"GET/favicon.ico 라우터가 없습니다"}
{"level":"error","message":"GET/favicon.ico 라우터가 없습니다"}
{"level":"error","message":"GET/favicon.ico 라우터가 없습니다"}
{"level":"error","message":"GET/favicon.ico 라우터가 없습니다"}
{"level":"error","message":"GET/favicon.ico 라우터가 없습니다"}
{"level":"error","message":"GET/favicon.ico 라우터가 없습니다"}
{"level":"error","message":"GET/favicon.ico 라우터가 없습니다"}
{"level":"error","message":"GET/favicon.ico 라우터가 없습니다"}
{"level":"error","message":"GET/favicon.ico 라우터가 없습니다"}
{"level":"error","message":"GET/favicon.ico 라우터가 없습니다"}
{"level":"error","message":"GET/favicon.ico 라우터가 없습니다"}
{"level":"error","message":"GET/favicon.ico 라우터가 없습니다"}
{"level":"error","message":"GET/favicon.ico 라우터가 없습니다"}
{"level":"error","message":"GET/favicon.ico 라우터가 없습니다"}
{"level":"error","message":"GET/favicon.ico 라우터가 없습니다"}
{"level":"error","message":"POST/book/admin 라우터가 없습니다"}
{"level":"error","message":"POST/book/admin 라우터가 없습니다"}
{"level":"error","message":"POST/book/admin 라우터가 없습니다"}
{"level":"error","message":"POST/book/admin 라우터가 없습니다"}
{"level":"error","message":"POST/book/admin 라우터가 없습니다"}
{"level":"error","message":"POST/book/admin 라우터가 없습니다"}
{"level":"error","message":"POST/book/admin 라우터가 없습니다"}
{"level":"error","message":"POST/book/admin 라우터가 없습니다"}
{"level":"error","message":"POST/book/admin 라우터가 없습니다"}
{"level":"error","message":"POST/book/admin 라우터가 없습니다"}
